|chico|0|
193
Subject: TESTE-2
From: other@other.com
To: chico
X-Mailer: mail (GNU Mailutils 2.99.99)
Message-Id: <20171005121525.03DC61A48AE@localhost>
Date: Thu,  5 Oct 2017 09:15:25 -0300 (BRT)

teste-2
||0|
201
Subject: TESTE-3
To: chico
X-Mailer: mail (GNU Mailutils 2.99.99)
Message-Id: <20171005121525.0CD971A48AE@localhost>
Date: Thu,  5 Oct 2017 09:15:25 -0300 (BRT)
From: chico@localhost (chico)

teste-3
|chico|0|
201
Subject: TESTE-4
To: chico
X-Mailer: mail (GNU Mailutils 2.99.99)
Message-Id: <20171005121525.15B711A48AE@localhost>
Date: Thu,  5 Oct 2017 09:15:25 -0300 (BRT)
From: chico@localhost (chico)

teste-4
